<?xml version="1.0" encoding="UTF-8"?>
<!-- Generated by org.testng.reporters.JUnitReportReporter -->
<testsuite hostname="DESKTOP-L12O5CF" failures="0" tests="1" name="vuelingTests.HomePage" time="136.905" errors="0" timestamp="2023-05-16T21:14:28 CEST" skipped="0">
  <testcase classname="vuelingTests.HomePage" name="homPage" time="136.905"/>
  <system-out/>
</testsuite> <!-- vuelingTests.HomePage -->
