<?xml version="1.0" encoding="UTF-8"?>
<!-- Generated by org.testng.reporters.JUnitReportReporter -->
<testsuite hostname="DESKTOP-L12O5CF" failures="0" tests="1" name="vuelingTests.HomePage" time="44.238" errors="0" timestamp="2023-05-09T19:48:37 CEST" skipped="0">
  <testcase classname="vuelingTests.HomePage" name="homPage" time="44.238"/>
  <system-out/>
</testsuite> <!-- vuelingTests.HomePage -->
